mode: atomic
github.com/xcoulon/claw-device-pairing/cmd/main.go:40.13,46.2 2 0
github.com/xcoulon/claw-device-pairing/cmd/main.go:48.51,53.30 2 0
github.com/xcoulon/claw-device-pairing/cmd/main.go:53.30,56.3 2 0
github.com/xcoulon/claw-device-pairing/cmd/main.go:59.2,59.55 1 0
github.com/xcoulon/claw-device-pairing/cmd/main.go:59.55,62.3 2 0
github.com/xcoulon/claw-device-pairing/cmd/main.go:65.2,71.39 3 0
github.com/xcoulon/claw-device-pairing/cmd/main.go:71.39,77.3 1 0
github.com/xcoulon/claw-device-pairing/cmd/main.go:80.2,85.47 4 0
github.com/xcoulon/claw-device-pairing/cmd/main.go:85.47,87.3 1 0
github.com/xcoulon/claw-device-pairing/cmd/main.go:90.2,90.43 1 0
github.com/xcoulon/claw-device-pairing/cmd/main.go:90.43,96.66 3 0
github.com/xcoulon/claw-device-pairing/cmd/main.go:96.66,98.4 1 0
github.com/xcoulon/claw-device-pairing/cmd/main.go:101.3,101.57 1 0
github.com/xcoulon/claw-device-pairing/cmd/main.go:105.2,116.12 5 0
github.com/xcoulon/claw-device-pairing/cmd/main.go:116.12,118.80 2 0
github.com/xcoulon/claw-device-pairing/cmd/main.go:118.80,121.4 2 0
github.com/xcoulon/claw-device-pairing/cmd/main.go:125.2,135.45 7 0
github.com/xcoulon/claw-device-pairing/cmd/main.go:135.45,138.3 2 0
github.com/xcoulon/claw-device-pairing/cmd/main.go:140.2,140.29 1 0
github.com/xcoulon/claw-device-pairing/cmd/main.go:143.13,144.42 1 0
github.com/xcoulon/claw-device-pairing/cmd/main.go:144.42,147.3 2 0
github.com/xcoulon/claw-device-pairing/internal/logger/logger.go:9.13,12.39 2 0
github.com/xcoulon/claw-device-pairing/internal/logger/logger.go:12.39,14.3 1 0
github.com/xcoulon/claw-device-pairing/internal/logger/logger.go:17.2,22.36 2 0
github.com/xcoulon/claw-device-pairing/ui/node_modules/flatted/golang/pkg/flatted/flatted.go:16.68,21.30 4 0
github.com/xcoulon/claw-device-pairing/ui/node_modules/flatted/golang/pkg/flatted/flatted.go:21.30,27.3 5 0
github.com/xcoulon/claw-device-pairing/ui/node_modules/flatted/golang/pkg/flatted/flatted.go:29.2,29.28 1 0
github.com/xcoulon/claw-device-pairing/ui/node_modules/flatted/golang/pkg/flatted/flatted.go:29.28,30.15 1 0
github.com/xcoulon/claw-device-pairing/ui/node_modules/flatted/golang/pkg/flatted/flatted.go:30.15,32.4 1 0
github.com/xcoulon/claw-device-pairing/ui/node_modules/flatted/golang/pkg/flatted/flatted.go:33.3,35.100 3 0
github.com/xcoulon/claw-device-pairing/ui/node_modules/flatted/golang/pkg/flatted/flatted.go:35.100,36.32 1 0
github.com/xcoulon/claw-device-pairing/ui/node_modules/flatted/golang/pkg/flatted/flatted.go:36.32,37.31 1 0
github.com/xcoulon/claw-device-pairing/ui/node_modules/flatted/golang/pkg/flatted/flatted.go:37.31,38.16 1 0
github.com/xcoulon/claw-device-pairing/ui/node_modules/flatted/golang/pkg/flatted/flatted.go:38.16,40.7 1 0
github.com/xcoulon/claw-device-pairing/ui/node_modules/flatted/golang/pkg/flatted/flatted.go:41.11,43.59 2 0
github.com/xcoulon/claw-device-pairing/ui/node_modules/flatted/golang/pkg/flatted/flatted.go:43.59,45.7 1 0
github.com/xcoulon/claw-device-pairing/ui/node_modules/flatted/golang/pkg/flatted/flatted.go:48.4,48.19 1 0
github.com/xcoulon/claw-device-pairing/ui/node_modules/flatted/golang/pkg/flatted/flatted.go:50.3,50.11 1 0
github.com/xcoulon/claw-device-pairing/ui/node_modules/flatted/golang/pkg/flatted/flatted.go:53.2,53.31 1 0
github.com/xcoulon/claw-device-pairing/ui/node_modules/flatted/golang/pkg/flatted/flatted.go:53.31,55.20 2 0
github.com/xcoulon/claw-device-pairing/ui/node_modules/flatted/golang/pkg/flatted/flatted.go:55.20,57.4 1 0
github.com/xcoulon/claw-device-pairing/ui/node_modules/flatted/golang/pkg/flatted/flatted.go:58.3,58.38 1 0
github.com/xcoulon/claw-device-pairing/ui/node_modules/flatted/golang/pkg/flatted/flatted.go:58.38,60.4 1 0
github.com/xcoulon/claw-device-pairing/ui/node_modules/flatted/golang/pkg/flatted/flatted.go:62.3,62.47 1 0
github.com/xcoulon/claw-device-pairing/ui/node_modules/flatted/golang/pkg/flatted/flatted.go:62.47,64.4 1 0
github.com/xcoulon/claw-device-pairing/ui/node_modules/flatted/golang/pkg/flatted/flatted.go:65.3,65.20 1 0
github.com/xcoulon/claw-device-pairing/ui/node_modules/flatted/golang/pkg/flatted/flatted.go:66.37,68.34 2 0
github.com/xcoulon/claw-device-pairing/ui/node_modules/flatted/golang/pkg/flatted/flatted.go:68.34,70.5 1 0
github.com/xcoulon/claw-device-pairing/ui/node_modules/flatted/golang/pkg/flatted/flatted.go:71.4,71.14 1 0
github.com/xcoulon/claw-device-pairing/ui/node_modules/flatted/golang/pkg/flatted/flatted.go:72.20,75.41 3 0
github.com/xcoulon/claw-device-pairing/ui/node_modules/flatted/golang/pkg/flatted/flatted.go:75.41,77.5 1 0
github.com/xcoulon/claw-device-pairing/ui/node_modules/flatted/golang/pkg/flatted/flatted.go:79.4,80.29 2 0
github.com/xcoulon/claw-device-pairing/ui/node_modules/flatted/golang/pkg/flatted/flatted.go:80.29,82.20 2 0
github.com/xcoulon/claw-device-pairing/ui/node_modules/flatted/golang/pkg/flatted/flatted.go:82.20,84.34 2 0
github.com/xcoulon/claw-device-pairing/ui/node_modules/flatted/golang/pkg/flatted/flatted.go:84.34,85.20 1 0
github.com/xcoulon/claw-device-pairing/ui/node_modules/flatted/golang/pkg/flatted/flatted.go:85.20,87.13 2 0
github.com/xcoulon/claw-device-pairing/ui/node_modules/flatted/golang/pkg/flatted/flatted.go:90.6,90.16 1 0
github.com/xcoulon/claw-device-pairing/ui/node_modules/flatted/golang/pkg/flatted/flatted.go:90.16,91.15 1 0
github.com/xcoulon/claw-device-pairing/ui/node_modules/flatted/golang/pkg/flatted/flatted.go:94.5,94.53 1 0
github.com/xcoulon/claw-device-pairing/ui/node_modules/flatted/golang/pkg/flatted/flatted.go:96.4,96.14 1 0
github.com/xcoulon/claw-device-pairing/ui/node_modules/flatted/golang/pkg/flatted/flatted.go:97.23,100.39 3 0
github.com/xcoulon/claw-device-pairing/ui/node_modules/flatted/golang/pkg/flatted/flatted.go:100.39,102.28 2 0
github.com/xcoulon/claw-device-pairing/ui/node_modules/flatted/golang/pkg/flatted/flatted.go:102.28,103.14 1 0
github.com/xcoulon/claw-device-pairing/ui/node_modules/flatted/golang/pkg/flatted/flatted.go:105.5,106.48 2 0
github.com/xcoulon/claw-device-pairing/ui/node_modules/flatted/golang/pkg/flatted/flatted.go:106.48,108.6 1 0
github.com/xcoulon/claw-device-pairing/ui/node_modules/flatted/golang/pkg/flatted/flatted.go:109.5,109.48 1 0
github.com/xcoulon/claw-device-pairing/ui/node_modules/flatted/golang/pkg/flatted/flatted.go:111.4,111.14 1 0
github.com/xcoulon/claw-device-pairing/ui/node_modules/flatted/golang/pkg/flatted/flatted.go:112.11,113.12 1 0
github.com/xcoulon/claw-device-pairing/ui/node_modules/flatted/golang/pkg/flatted/flatted.go:117.2,119.34 3 0
github.com/xcoulon/claw-device-pairing/ui/node_modules/flatted/golang/pkg/flatted/flatted.go:119.34,121.3 1 0
github.com/xcoulon/claw-device-pairing/ui/node_modules/flatted/golang/pkg/flatted/flatted.go:123.2,126.33 4 0
github.com/xcoulon/claw-device-pairing/ui/node_modules/flatted/golang/pkg/flatted/flatted.go:126.33,128.3 1 0
github.com/xcoulon/claw-device-pairing/ui/node_modules/flatted/golang/pkg/flatted/flatted.go:128.8,128.37 1 0
github.com/xcoulon/claw-device-pairing/ui/node_modules/flatted/golang/pkg/flatted/flatted.go:128.37,130.3 1 0
github.com/xcoulon/claw-device-pairing/ui/node_modules/flatted/golang/pkg/flatted/flatted.go:132.2,132.18 1 0
github.com/xcoulon/claw-device-pairing/ui/node_modules/flatted/golang/pkg/flatted/flatted.go:132.18,134.3 1 0
github.com/xcoulon/claw-device-pairing/ui/node_modules/flatted/golang/pkg/flatted/flatted.go:134.8,136.3 1 0
github.com/xcoulon/claw-device-pairing/ui/node_modules/flatted/golang/pkg/flatted/flatted.go:138.2,138.16 1 0
github.com/xcoulon/claw-device-pairing/ui/node_modules/flatted/golang/pkg/flatted/flatted.go:138.16,140.3 1 0
github.com/xcoulon/claw-device-pairing/ui/node_modules/flatted/golang/pkg/flatted/flatted.go:141.2,141.23 1 0
github.com/xcoulon/claw-device-pairing/ui/node_modules/flatted/golang/pkg/flatted/flatted.go:145.79,147.65 2 0
github.com/xcoulon/claw-device-pairing/ui/node_modules/flatted/golang/pkg/flatted/flatted.go:147.65,149.3 1 0
github.com/xcoulon/claw-device-pairing/ui/node_modules/flatted/golang/pkg/flatted/flatted.go:151.2,152.25 2 0
github.com/xcoulon/claw-device-pairing/ui/node_modules/flatted/golang/pkg/flatted/flatted.go:152.25,153.30 1 0
github.com/xcoulon/claw-device-pairing/ui/node_modules/flatted/golang/pkg/flatted/flatted.go:153.30,155.4 1 0
github.com/xcoulon/claw-device-pairing/ui/node_modules/flatted/golang/pkg/flatted/flatted.go:156.3,156.31 1 0
github.com/xcoulon/claw-device-pairing/ui/node_modules/flatted/golang/pkg/flatted/flatted.go:156.31,157.29 1 0
github.com/xcoulon/claw-device-pairing/ui/node_modules/flatted/golang/pkg/flatted/flatted.go:157.29,159.5 1 0
github.com/xcoulon/claw-device-pairing/ui/node_modules/flatted/golang/pkg/flatted/flatted.go:160.4,160.14 1 0
github.com/xcoulon/claw-device-pairing/ui/node_modules/flatted/golang/pkg/flatted/flatted.go:162.3,162.38 1 0
github.com/xcoulon/claw-device-pairing/ui/node_modules/flatted/golang/pkg/flatted/flatted.go:162.38,163.27 1 0
github.com/xcoulon/claw-device-pairing/ui/node_modules/flatted/golang/pkg/flatted/flatted.go:163.27,165.5 1 0
github.com/xcoulon/claw-device-pairing/ui/node_modules/flatted/golang/pkg/flatted/flatted.go:166.4,166.12 1 0
github.com/xcoulon/claw-device-pairing/ui/node_modules/flatted/golang/pkg/flatted/flatted.go:168.3,168.11 1 0
github.com/xcoulon/claw-device-pairing/ui/node_modules/flatted/golang/pkg/flatted/flatted.go:171.2,172.30 2 0
github.com/xcoulon/claw-device-pairing/ui/node_modules/flatted/golang/pkg/flatted/flatted.go:172.30,174.3 1 0
github.com/xcoulon/claw-device-pairing/ui/node_modules/flatted/golang/pkg/flatted/flatted.go:176.2,177.28 2 0
github.com/xcoulon/claw-device-pairing/ui/node_modules/flatted/golang/pkg/flatted/flatted.go:177.28,178.37 1 0
github.com/xcoulon/claw-device-pairing/ui/node_modules/flatted/golang/pkg/flatted/flatted.go:178.37,180.4 1 0
github.com/xcoulon/claw-device-pairing/ui/node_modules/flatted/golang/pkg/flatted/flatted.go:180.9,182.4 1 0
github.com/xcoulon/claw-device-pairing/ui/node_modules/flatted/golang/pkg/flatted/flatted.go:185.2,185.21 1 0
github.com/xcoulon/claw-device-pairing/ui/node_modules/flatted/golang/pkg/flatted/flatted.go:185.21,187.3 1 0
github.com/xcoulon/claw-device-pairing/ui/node_modules/flatted/golang/pkg/flatted/flatted.go:189.2,191.78 3 0
github.com/xcoulon/claw-device-pairing/ui/node_modules/flatted/golang/pkg/flatted/flatted.go:191.78,195.21 4 0
github.com/xcoulon/claw-device-pairing/ui/node_modules/flatted/golang/pkg/flatted/flatted.go:195.21,197.4 1 0
github.com/xcoulon/claw-device-pairing/ui/node_modules/flatted/golang/pkg/flatted/flatted.go:198.3,198.18 1 0
github.com/xcoulon/claw-device-pairing/ui/node_modules/flatted/golang/pkg/flatted/flatted.go:201.2,201.20 1 0
github.com/xcoulon/claw-device-pairing/ui/node_modules/flatted/golang/pkg/flatted/flatted.go:201.20,203.3 1 0
github.com/xcoulon/claw-device-pairing/ui/node_modules/flatted/golang/pkg/flatted/flatted.go:204.2,204.19 1 0
github.com/xcoulon/claw-device-pairing/ui/node_modules/flatted/golang/pkg/flatted/flatted.go:207.75,208.34 1 0
github.com/xcoulon/claw-device-pairing/ui/node_modules/flatted/golang/pkg/flatted/flatted.go:208.34,209.25 1 0
github.com/xcoulon/claw-device-pairing/ui/node_modules/flatted/golang/pkg/flatted/flatted.go:209.25,211.4 1 0
github.com/xcoulon/claw-device-pairing/ui/node_modules/flatted/golang/pkg/flatted/flatted.go:212.8,212.48 1 0
github.com/xcoulon/claw-device-pairing/ui/node_modules/flatted/golang/pkg/flatted/flatted.go:212.48,214.20 2 0
github.com/xcoulon/claw-device-pairing/ui/node_modules/flatted/golang/pkg/flatted/flatted.go:214.20,216.4 1 0
github.com/xcoulon/claw-device-pairing/ui/node_modules/flatted/golang/pkg/flatted/flatted.go:217.3,218.26 2 0
github.com/xcoulon/claw-device-pairing/ui/node_modules/flatted/golang/pkg/flatted/flatted.go:218.26,220.4 1 0
github.com/xcoulon/claw-device-pairing/ui/node_modules/flatted/golang/pkg/flatted/flatted.go:222.2,222.28 1 0
github.com/xcoulon/claw-device-pairing/ui/node_modules/flatted/golang/pkg/flatted/flatted.go:225.61,226.34 1 0
github.com/xcoulon/claw-device-pairing/ui/node_modules/flatted/golang/pkg/flatted/flatted.go:226.34,227.25 1 0
github.com/xcoulon/claw-device-pairing/ui/node_modules/flatted/golang/pkg/flatted/flatted.go:227.25,228.38 1 0
github.com/xcoulon/claw-device-pairing/ui/node_modules/flatted/golang/pkg/flatted/flatted.go:228.38,231.5 2 0
github.com/xcoulon/claw-device-pairing/ui/node_modules/flatted/golang/pkg/flatted/flatted.go:233.3,233.13 1 0
github.com/xcoulon/claw-device-pairing/ui/node_modules/flatted/golang/pkg/flatted/flatted.go:235.2,235.41 1 0
github.com/xcoulon/claw-device-pairing/ui/node_modules/flatted/golang/pkg/flatted/flatted.go:235.41,236.23 1 0
github.com/xcoulon/claw-device-pairing/ui/node_modules/flatted/golang/pkg/flatted/flatted.go:236.23,237.38 1 0
github.com/xcoulon/claw-device-pairing/ui/node_modules/flatted/golang/pkg/flatted/flatted.go:237.38,240.5 2 0
github.com/xcoulon/claw-device-pairing/ui/node_modules/flatted/golang/pkg/flatted/flatted.go:242.3,242.11 1 0
github.com/xcoulon/claw-device-pairing/ui/node_modules/flatted/golang/pkg/flatted/flatted.go:244.2,244.14 1 0
github.com/xcoulon/claw-device-pairing/ui/node_modules/flatted/golang/pkg/flatted/flatted.go:247.60,249.78 2 0
github.com/xcoulon/claw-device-pairing/ui/node_modules/flatted/golang/pkg/flatted/flatted.go:249.78,251.16 2 0
github.com/xcoulon/claw-device-pairing/ui/node_modules/flatted/golang/pkg/flatted/flatted.go:251.16,254.4 2 0
github.com/xcoulon/claw-device-pairing/ui/node_modules/flatted/golang/pkg/flatted/flatted.go:256.2,256.14 1 0
github.com/xcoulon/claw-device-pairing/ui/node_modules/flatted/golang/pkg/flatted/flatted.go:260.37,262.16 2 0
github.com/xcoulon/claw-device-pairing/ui/node_modules/flatted/golang/pkg/flatted/flatted.go:262.16,264.3 1 0
github.com/xcoulon/claw-device-pairing/ui/node_modules/flatted/golang/pkg/flatted/flatted.go:265.2,267.17 3 0
github.com/xcoulon/claw-device-pairing/ui/node_modules/flatted/golang/pkg/flatted/flatted.go:271.39,273.16 2 0
github.com/xcoulon/claw-device-pairing/ui/node_modules/flatted/golang/pkg/flatted/flatted.go:273.16,275.3 1 0
github.com/xcoulon/claw-device-pairing/ui/node_modules/flatted/golang/pkg/flatted/flatted.go:276.2,276.30 1 0
github.com/xcoulon/claw-device-pairing/internal/handlers/pairing.go:18.58,20.2 1 7
github.com/xcoulon/claw-device-pairing/internal/handlers/pairing.go:23.74,26.37 2 5
github.com/xcoulon/claw-device-pairing/internal/handlers/pairing.go:26.37,32.3 2 1
github.com/xcoulon/claw-device-pairing/internal/handlers/pairing.go:35.2,36.25 2 4
github.com/xcoulon/claw-device-pairing/internal/handlers/pairing.go:36.25,42.3 2 3
github.com/xcoulon/claw-device-pairing/internal/handlers/pairing.go:45.2,51.4 2 1
github.com/xcoulon/claw-device-pairing/internal/handlers/pairing.go:55.80,58.21 2 1
github.com/xcoulon/claw-device-pairing/internal/handlers/pairing.go:58.21,64.3 2 0
github.com/xcoulon/claw-device-pairing/internal/handlers/pairing.go:66.2,67.21 2 1
github.com/xcoulon/claw-device-pairing/internal/handlers/pairing.go:67.21,73.3 2 0
github.com/xcoulon/claw-device-pairing/internal/handlers/pairing.go:77.2,82.4 2 1
